<?xml version="1.0" encoding="UTF-8"?>
<!-- Generated by org.testng.reporters.JUnitXMLReporter -->
<testsuite ignored="0" hostname="HP" failures="0" tests="3" name="Test" time="0.046" errors="0" timestamp="22 May 2021 12:45:41 GMT">
  <testcase classname="UdemyMavenPractice.AppiumTest" name="appiumTest" time="0.01"/>
  <testcase classname="UdemyMavenPractice.SeleniumTest" name="seleniumTest" time="0.0"/>
  <testcase classname="UdemyMavenPractice.APITest" name="apiTest" time="0.0"/>
</testsuite> <!-- Test -->
