<?xml version="1.0" encoding="UTF-8"?>
<testsuite xmlns:xsi="http://www.w3.org/2001/XMLSchema-instance" xsi:noNamespaceSchemaLocation="https://maven.apache.org/surefire/maven-surefire-plugin/xsd/surefire-test-report-3.0.xsd" version="3.0" name="TestSuite" time="5.943" tests="3" errors="0" skipped="0" failures="0">
  <properties>
[...]
</properties>
  <testcase name="appiumTest" classname="UdemyMavenPractice.AppiumTest" time="0.012">
    <system-out><![CDATA[appiumTest
]]></system-out>
  </testcase>
  <testcase name="seleniumTest" classname="UdemyMavenPractice.SeleniumTest" time="0.001">
    <system-out><![CDATA[seleniumTest
]]></system-out>
  </testcase>
  <testcase name="apiTest" classname="UdemyMavenPractice.APITest" time="0.002">
    <system-out><![CDATA[apiTest
]]></system-out>
  </testcase>
</testsuite>