<?xml version="1.0" encoding="UTF-8"?>
<testng-results ignored="0" total="3" passed="3" failed="0" skipped="0">
  <reporter-output>
  </reporter-output>
  <suite started-at="2021-05-22T12:45:41Z" name="Suite" finished-at="2021-05-22T12:45:41Z" duration-ms="46">
    <groups>
    </groups>
    <test started-at="2021-05-22T12:45:41Z" name="Test" finished-at="2021-05-22T12:45:41Z" duration-ms="46">
      <class name="UdemyMavenPractice.AppiumTest">
        <test-method signature="appiumTest()[pri:0, instance:UdemyMavenPractice.AppiumTest@29ba4338]" started-at="2021-05-22T12:45:41Z" name="appiumTest" finished-at="2021-05-22T12:45:41Z" duration-ms="10" status="PASS">
          <reporter-output>
          </reporter-output>
        </test-method> <!-- appiumTest -->
      </class> <!-- UdemyMavenPractice.AppiumTest -->
      <class name="UdemyMavenPractice.SeleniumTest">
        <test-method signature="seleniumTest()[pri:0, instance:UdemyMavenPractice.SeleniumTest@57175e74]" started-at="2021-05-22T12:45:41Z" name="seleniumTest" finished-at="2021-05-22T12:45:41Z" duration-ms="0" status="PASS">
          <reporter-output>
          </reporter-output>
        </test-method> <!-- seleniumTest -->
      </class> <!-- UdemyMavenPractice.SeleniumTest -->
      <class name="UdemyMavenPractice.APITest">
        <test-method signature="apiTest()[pri:0, instance:UdemyMavenPractice.APITest@7bb58ca3]" started-at="2021-05-22T12:45:41Z" name="apiTest" finished-at="2021-05-22T12:45:41Z" duration-ms="0" status="PASS">
          <reporter-output>
          </reporter-output>
        </test-method> <!-- apiTest -->
      </class> <!-- UdemyMavenPractice.APITest -->
    </test> <!-- Test -->
  </suite> <!-- Suite -->
</testng-results>
